[ 2017-06-11T14:26:44+08:00 ] ::1 /work/index.php/Admin/Index/VerifyImg.html?0.1441400333666243
INFO: [ app_init ] --START--
INFO: Run Behavior\BuildLiteBehavior [ RunTime:0.000012s ]
INFO: [ app_init ] --END-- [ RunTime:0.000386s ]
INFO: [ app_begin ] --START--
INFO: Run Behavior\ReadHtmlCacheBehavior [ RunTime:0.000747s ]
INFO: [ app_begin ] --END-- [ RunTime:0.000819s ]
INFO: [ app_end ] --START--
INFO: Run Behavior\ShowPageTraceBehavior [ RunTime:0.000841s ]
INFO: [ app_end ] --END-- [ RunTime:0.000932s ]

[ 2017-06-11T14:26:53+08:00 ] ::1 /work/index.php/Admin/Index/VerifyImg.html?0.1441400333666243
INFO: [ app_init ] --START--
INFO: Run Behavior\BuildLiteBehavior [ RunTime:0.000013s ]
INFO: [ app_init ] --END-- [ RunTime:0.000323s ]
INFO: [ app_begin ] --START--
INFO: Run Behavior\ReadHtmlCacheBehavior [ RunTime:0.000426s ]
INFO: [ app_begin ] --END-- [ RunTime:0.000463s ]
INFO: [ app_end ] --START--
INFO: Run Behavior\ShowPageTraceBehavior [ RunTime:0.000694s ]
INFO: [ app_end ] --END-- [ RunTime:0.000776s ]

[ 2017-06-11T14:27:02+08:00 ] ::1 /work/index.php/Admin/Index/VerifyImg.html?0.1441400333666243
INFO: [ app_init ] --START--
INFO: Run Behavior\BuildLiteBehavior [ RunTime:0.000012s ]
INFO: [ app_init ] --END-- [ RunTime:0.000350s ]
INFO: [ app_begin ] --START--
INFO: Run Behavior\ReadHtmlCacheBehavior [ RunTime:0.000419s ]
INFO: [ app_begin ] --END-- [ RunTime:0.000452s ]
INFO: [ app_end ] --START--
INFO: Run Behavior\ShowPageTraceBehavior [ RunTime:0.000865s ]
INFO: [ app_end ] --END-- [ RunTime:0.000945s ]

[ 2017-06-11T14:27:09+08:00 ] ::1 /work/index.php/Admin/Index/login.html
INFO: [ app_init ] --START--
INFO: Run Behavior\BuildLiteBehavior [ RunTime:0.000012s ]
INFO: [ app_init ] --END-- [ RunTime:0.000318s ]
INFO: [ app_begin ] --START--
INFO: Run Behavior\ReadHtmlCacheBehavior [ RunTime:0.000427s ]
INFO: [ app_begin ] --END-- [ RunTime:0.000463s ]
INFO: [ view_parse ] --START--
INFO: [ template_filter ] --START--
INFO: Run Behavior\ContentReplaceBehavior [ RunTime:0.000065s ]
INFO: [ template_filter ] --END-- [ RunTime:0.000112s ]
INFO: Run Behavior\ParseTemplateBehavior [ RunTime:0.012845s ]
INFO: [ view_parse ] --END-- [ RunTime:0.012884s ]
INFO: [ view_filter ] --START--
INFO: Run Behavior\WriteHtmlCacheBehavior [ RunTime:0.000167s ]
INFO: [ view_filter ] --END-- [ RunTime:0.000195s ]
INFO: [ app_end ] --START--
INFO: Run Behavior\ShowPageTraceBehavior [ RunTime:0.000590s ]
INFO: [ app_end ] --END-- [ RunTime:0.000630s ]

[ 2017-06-11T14:27:09+08:00 ] ::1 /work/index.php/Admin/Index/VerifyImg.html
INFO: [ app_init ] --START--
INFO: Run Behavior\BuildLiteBehavior [ RunTime:0.000025s ]
INFO: [ app_init ] --END-- [ RunTime:0.001052s ]
INFO: [ app_begin ] --START--
INFO: Run Behavior\ReadHtmlCacheBehavior [ RunTime:0.000778s ]
INFO: [ app_begin ] --END-- [ RunTime:0.000858s ]
INFO: [ app_end ] --START--
INFO: Run Behavior\ShowPageTraceBehavior [ RunTime:0.001012s ]
INFO: [ app_end ] --END-- [ RunTime:0.001127s ]

[ 2017-06-11T14:27:20+08:00 ] ::1 /work/index.php/Admin/Index/login.html
INFO: [ app_init ] --START--
INFO: Run Behavior\BuildLiteBehavior [ RunTime:0.000013s ]
INFO: [ app_init ] --END-- [ RunTime:0.000312s ]
INFO: [ app_begin ] --START--
INFO: Run Behavior\ReadHtmlCacheBehavior [ RunTime:0.000414s ]
INFO: [ app_begin ] --END-- [ RunTime:0.000449s ]
SQL: SHOW COLUMNS FROM `mf_staff` [ RunTime:0.0042s ]
SQL: SELECT `s_id`,`account`,`s_name`,`s_pwd` FROM `mf_staff` WHERE `account` = 'admin' AND `s_pwd` = 'e10adc3949ba59abbe56e057f20f883e' LIMIT 1   [ RunTime:0.0005s ]
NOTIC: [8] Use of undefined constant AJAX_MSG - assumed 'AJAX_MSG' /Users/hunkhe/Desktop/hf161028/work/Application/Admin/Controller/IndexController.class.php 第 31 行.
NOTIC: [8] Use of undefined constant AJAX_LOGINS_MSG - assumed 'AJAX_LOGINS_MSG' /Users/hunkhe/Desktop/hf161028/work/Application/Admin/Controller/IndexController.class.php 第 33 行.
INFO: [ app_end ] --START--
INFO: Run Behavior\ShowPageTraceBehavior [ RunTime:0.000530s ]
INFO: [ app_end ] --END-- [ RunTime:0.000565s ]

[ 2017-06-11T14:27:21+08:00 ] ::1 /work/index.php/admin/index/index.html
INFO: [ app_init ] --START--
INFO: Run Behavior\BuildLiteBehavior [ RunTime:0.000033s ]
INFO: [ app_init ] --END-- [ RunTime:0.000872s ]
INFO: [ app_begin ] --START--
INFO: Run Behavior\ReadHtmlCacheBehavior [ RunTime:0.000635s ]
INFO: [ app_begin ] --END-- [ RunTime:0.000692s ]
SQL: SHOW COLUMNS FROM `mf_menutable` [ RunTime:0.0035s ]
SQL: SELECT * FROM `mf_menutable`  [ RunTime:0.0005s ]
INFO: [ view_parse ] --START--
INFO: [ template_filter ] --START--
INFO: Run Behavior\ContentReplaceBehavior [ RunTime:0.000086s ]
INFO: [ template_filter ] --END-- [ RunTime:0.000155s ]
INFO: Run Behavior\ParseTemplateBehavior [ RunTime:0.013143s ]
INFO: [ view_parse ] --END-- [ RunTime:0.013206s ]
INFO: [ view_filter ] --START--
INFO: Run Behavior\WriteHtmlCacheBehavior [ RunTime:0.000290s ]
INFO: [ view_filter ] --END-- [ RunTime:0.000358s ]
INFO: [ app_end ] --START--
INFO: Run Behavior\ShowPageTraceBehavior [ RunTime:0.000989s ]
INFO: [ app_end ] --END-- [ RunTime:0.001064s ]

[ 2017-06-11T14:27:21+08:00 ] ::1 /work/index.php/Admin/Index/wellcom.html
INFO: [ app_init ] --START--
INFO: Run Behavior\BuildLiteBehavior [ RunTime:0.000027s ]
INFO: [ app_init ] --END-- [ RunTime:0.001000s ]
INFO: [ app_begin ] --START--
INFO: Run Behavior\ReadHtmlCacheBehavior [ RunTime:0.001139s ]
INFO: [ app_begin ] --END-- [ RunTime:0.001267s ]
INFO: [ view_parse ] --START--
INFO: [ template_filter ] --START--
INFO: Run Behavior\ContentReplaceBehavior [ RunTime:0.000046s ]
INFO: [ template_filter ] --END-- [ RunTime:0.000128s ]
INFO: Run Behavior\ParseTemplateBehavior [ RunTime:0.009594s ]
INFO: [ view_parse ] --END-- [ RunTime:0.009683s ]
INFO: [ view_filter ] --START--
INFO: Run Behavior\WriteHtmlCacheBehavior [ RunTime:0.000270s ]
INFO: [ view_filter ] --END-- [ RunTime:0.000324s ]
INFO: [ app_end ] --START--
INFO: Run Behavior\ShowPageTraceBehavior [ RunTime:0.000913s ]
INFO: [ app_end ] --END-- [ RunTime:0.000999s ]

[ 2017-06-11T14:27:28+08:00 ] ::1 /work/index.php/admin/index/application/views/creatSalesVi
INFO: [ app_init ] --START--
INFO: Run Behavior\BuildLiteBehavior [ RunTime:0.000013s ]
INFO: [ app_init ] --END-- [ RunTime:0.000312s ]
INFO: [ app_begin ] --START--
INFO: Run Behavior\ReadHtmlCacheBehavior [ RunTime:0.000422s ]
INFO: [ app_begin ] --END-- [ RunTime:0.000459s ]
ERR: 非法操作:application

[ 2017-06-11T14:27:33+08:00 ] ::1 /work/index.php/admin/index/index.html
INFO: [ app_init ] --START--
INFO: Run Behavior\BuildLiteBehavior [ RunTime:0.000013s ]
INFO: [ app_init ] --END-- [ RunTime:0.000313s ]
INFO: [ app_begin ] --START--
INFO: Run Behavior\ReadHtmlCacheBehavior [ RunTime:0.000414s ]
INFO: [ app_begin ] --END-- [ RunTime:0.000487s ]
SQL: SHOW COLUMNS FROM `mf_menutable` [ RunTime:0.0041s ]
SQL: SELECT * FROM `mf_menutable`  [ RunTime:0.0004s ]
INFO: [ view_parse ] --START--
INFO: [ template_filter ] --START--
INFO: Run Behavior\ContentReplaceBehavior [ RunTime:0.000134s ]
INFO: [ template_filter ] --END-- [ RunTime:0.000208s ]
INFO: Run Behavior\ParseTemplateBehavior [ RunTime:0.009094s ]
INFO: [ view_parse ] --END-- [ RunTime:0.009161s ]
INFO: [ view_filter ] --START--
INFO: Run Behavior\WriteHtmlCacheBehavior [ RunTime:0.000309s ]
INFO: [ view_filter ] --END-- [ RunTime:0.000365s ]
INFO: [ app_end ] --START--
INFO: Run Behavior\ShowPageTraceBehavior [ RunTime:0.000722s ]
INFO: [ app_end ] --END-- [ RunTime:0.000816s ]

[ 2017-06-11T14:27:33+08:00 ] ::1 /work/index.php/Admin/Index/wellcom.html
INFO: [ app_init ] --START--
INFO: Run Behavior\BuildLiteBehavior [ RunTime:0.000021s ]
INFO: [ app_init ] --END-- [ RunTime:0.000611s ]
INFO: [ app_begin ] --START--
INFO: Run Behavior\ReadHtmlCacheBehavior [ RunTime:0.000947s ]
INFO: [ app_begin ] --END-- [ RunTime:0.001051s ]
INFO: [ view_parse ] --START--
INFO: [ template_filter ] --START--
INFO: Run Behavior\ContentReplaceBehavior [ RunTime:0.000051s ]
INFO: [ template_filter ] --END-- [ RunTime:0.000141s ]
INFO: Run Behavior\ParseTemplateBehavior [ RunTime:0.009344s ]
INFO: [ view_parse ] --END-- [ RunTime:0.009411s ]
INFO: [ view_filter ] --START--
INFO: Run Behavior\WriteHtmlCacheBehavior [ RunTime:0.000257s ]
INFO: [ view_filter ] --END-- [ RunTime:0.000307s ]
INFO: [ app_end ] --START--
INFO: Run Behavior\ShowPageTraceBehavior [ RunTime:0.000924s ]
INFO: [ app_end ] --END-- [ RunTime:0.001001s ]

[ 2017-06-11T14:27:36+08:00 ] ::1 /work/index.php/admin/index/application/views/creatSalesVi
INFO: [ app_init ] --START--
INFO: Run Behavior\BuildLiteBehavior [ RunTime:0.000013s ]
INFO: [ app_init ] --END-- [ RunTime:0.000335s ]
INFO: [ app_begin ] --START--
INFO: Run Behavior\ReadHtmlCacheBehavior [ RunTime:0.000538s ]
INFO: [ app_begin ] --END-- [ RunTime:0.000596s ]
ERR: 非法操作:application

[ 2017-06-11T14:28:20+08:00 ] ::1 /work/index.php/admin/index/admin/Comm/index
INFO: [ app_init ] --START--
INFO: Run Behavior\BuildLiteBehavior [ RunTime:0.000014s ]
INFO: [ app_init ] --END-- [ RunTime:0.000349s ]
INFO: [ app_begin ] --START--
INFO: Run Behavior\ReadHtmlCacheBehavior [ RunTime:0.000447s ]
INFO: [ app_begin ] --END-- [ RunTime:0.000487s ]
ERR: 非法操作:admin

[ 2017-06-11T14:28:22+08:00 ] ::1 /work/index.php/admin/index/application/views/salesShowVie
INFO: [ app_init ] --START--
INFO: Run Behavior\BuildLiteBehavior [ RunTime:0.000028s ]
INFO: [ app_init ] --END-- [ RunTime:0.000788s ]
INFO: [ app_begin ] --START--
INFO: Run Behavior\ReadHtmlCacheBehavior [ RunTime:0.000691s ]
INFO: [ app_begin ] --END-- [ RunTime:0.000775s ]
ERR: 非法操作:application

[ 2017-06-11T14:29:48+08:00 ] ::1 /work/index.php/admin
INFO: [ app_init ] --START--
INFO: Run Behavior\BuildLiteBehavior [ RunTime:0.000012s ]
INFO: [ app_init ] --END-- [ RunTime:0.000309s ]
INFO: [ app_begin ] --START--
INFO: Run Behavior\ReadHtmlCacheBehavior [ RunTime:0.000414s ]
INFO: [ app_begin ] --END-- [ RunTime:0.000448s ]
SQL: SHOW COLUMNS FROM `mf_menutable` [ RunTime:0.0046s ]
SQL: SELECT * FROM `mf_menutable`  [ RunTime:0.0005s ]
INFO: [ view_parse ] --START--
INFO: [ template_filter ] --START--
INFO: Run Behavior\ContentReplaceBehavior [ RunTime:0.000085s ]
INFO: [ template_filter ] --END-- [ RunTime:0.000179s ]
INFO: Run Behavior\ParseTemplateBehavior [ RunTime:0.011262s ]
INFO: [ view_parse ] --END-- [ RunTime:0.011300s ]
INFO: [ view_filter ] --START--
INFO: Run Behavior\WriteHtmlCacheBehavior [ RunTime:0.000167s ]
INFO: [ view_filter ] --END-- [ RunTime:0.000195s ]
INFO: [ app_end ] --START--
INFO: Run Behavior\ShowPageTraceBehavior [ RunTime:0.000723s ]
INFO: [ app_end ] --END-- [ RunTime:0.000786s ]

[ 2017-06-11T14:29:48+08:00 ] ::1 /work/index.php/Admin/Index/wellcom.html
INFO: [ app_init ] --START--
INFO: Run Behavior\BuildLiteBehavior [ RunTime:0.000015s ]
INFO: [ app_init ] --END-- [ RunTime:0.000362s ]
INFO: [ app_begin ] --START--
INFO: Run Behavior\ReadHtmlCacheBehavior [ RunTime:0.000460s ]
INFO: [ app_begin ] --END-- [ RunTime:0.000497s ]
INFO: [ view_parse ] --START--
INFO: [ template_filter ] --START--
INFO: Run Behavior\ContentReplaceBehavior [ RunTime:0.000177s ]
INFO: [ template_filter ] --END-- [ RunTime:0.000255s ]
INFO: Run Behavior\ParseTemplateBehavior [ RunTime:0.005720s ]
INFO: [ view_parse ] --END-- [ RunTime:0.005768s ]
INFO: [ view_filter ] --START--
INFO: Run Behavior\WriteHtmlCacheBehavior [ RunTime:0.000172s ]
INFO: [ view_filter ] --END-- [ RunTime:0.000202s ]
INFO: [ app_end ] --START--
INFO: Run Behavior\ShowPageTraceBehavior [ RunTime:0.000557s ]
INFO: [ app_end ] --END-- [ RunTime:0.000607s ]

[ 2017-06-11T14:30:05+08:00 ] ::1 /work/index.php/admin/Comm/index
INFO: [ app_init ] --START--
INFO: Run Behavior\BuildLiteBehavior [ RunTime:0.000013s ]
INFO: [ app_init ] --END-- [ RunTime:0.000316s ]
INFO: [ app_begin ] --START--
INFO: Run Behavior\ReadHtmlCacheBehavior [ RunTime:0.000511s ]
INFO: [ app_begin ] --END-- [ RunTime:0.000557s ]
INFO: [ view_parse ] --START--
INFO: [ template_filter ] --START--
INFO: Run Behavior\ContentReplaceBehavior [ RunTime:0.000064s ]
INFO: [ template_filter ] --END-- [ RunTime:0.000119s ]
INFO: Run Behavior\ParseTemplateBehavior [ RunTime:0.009113s ]
INFO: [ view_parse ] --END-- [ RunTime:0.009177s ]
INFO: [ view_filter ] --START--
INFO: Run Behavior\WriteHtmlCacheBehavior [ RunTime:0.000201s ]
INFO: [ view_filter ] --END-- [ RunTime:0.000236s ]
INFO: [ app_end ] --START--
INFO: Run Behavior\ShowPageTraceBehavior [ RunTime:0.000613s ]
INFO: [ app_end ] --END-- [ RunTime:0.000648s ]

[ 2017-06-11T14:30:06+08:00 ] ::1 /work/index.php/Admin/Comm/nowpage.html
INFO: [ app_init ] --START--
INFO: Run Behavior\BuildLiteBehavior [ RunTime:0.000027s ]
INFO: [ app_init ] --END-- [ RunTime:0.000649s ]
INFO: [ app_begin ] --START--
INFO: Run Behavior\ReadHtmlCacheBehavior [ RunTime:0.000966s ]
INFO: [ app_begin ] --END-- [ RunTime:0.001059s ]
SQL: SHOW COLUMNS FROM `mf_comments` [ RunTime:0.0036s ]
SQL: SELECT COUNT(*) AS tp_count FROM `mf_comments` LIMIT 1   [ RunTime:0.0006s ]
SQL: SELECT * FROM `mf_comments` LIMIT 0,4   [ RunTime:0.0004s ]

[ 2017-06-11T14:30:17+08:00 ] ::1 /work/index.php/admin/Order/unpaidOrder
INFO: [ app_init ] --START--
INFO: Run Behavior\BuildLiteBehavior [ RunTime:0.000013s ]
INFO: [ app_init ] --END-- [ RunTime:0.000323s ]
INFO: [ app_begin ] --START--
INFO: Run Behavior\ReadHtmlCacheBehavior [ RunTime:0.000427s ]
INFO: [ app_begin ] --END-- [ RunTime:0.000461s ]
INFO: [ view_parse ] --START--
INFO: [ template_filter ] --START--
INFO: Run Behavior\ContentReplaceBehavior [ RunTime:0.000073s ]
INFO: [ template_filter ] --END-- [ RunTime:0.000119s ]
INFO: Run Behavior\ParseTemplateBehavior [ RunTime:0.008863s ]
INFO: [ view_parse ] --END-- [ RunTime:0.008924s ]
INFO: [ view_filter ] --START--
INFO: Run Behavior\WriteHtmlCacheBehavior [ RunTime:0.000149s ]
INFO: [ view_filter ] --END-- [ RunTime:0.000177s ]
INFO: [ app_end ] --START--
INFO: Run Behavior\ShowPageTraceBehavior [ RunTime:0.000795s ]
INFO: [ app_end ] --END-- [ RunTime:0.000843s ]

[ 2017-06-11T14:30:17+08:00 ] ::1 /work/index.php/Admin/Order/unpaidOrder.html
INFO: [ app_init ] --START--
INFO: Run Behavior\BuildLiteBehavior [ RunTime:0.000014s ]
INFO: [ app_init ] --END-- [ RunTime:0.000359s ]
INFO: [ app_begin ] --START--
INFO: Run Behavior\ReadHtmlCacheBehavior [ RunTime:0.000487s ]
INFO: [ app_begin ] --END-- [ RunTime:0.000532s ]
SQL: SHOW COLUMNS FROM `mf_orderlist` [ RunTime:0.0055s ]
SQL: SELECT COUNT(*) AS tp_count FROM `mf_orderlist` WHERE ( os_id = 2 ) LIMIT 1   [ RunTime:0.0033s ]
SQL: SELECT * FROM `mf_orderlist` WHERE ( os_id = 2 ) ORDER BY ol_id LIMIT 0,5   [ RunTime:0.0007s ]
SQL: SHOW COLUMNS FROM `mf_orderstate` [ RunTime:0.0039s ]
SQL: SHOW COLUMNS FROM `mf_shop` [ RunTime:0.0049s ]
SQL: SHOW COLUMNS FROM `mf_user` [ RunTime:0.0056s ]
SQL: SELECT `os_state` FROM `mf_orderstate` WHERE ( os_id=2 ) LIMIT 1   [ RunTime:0.0004s ]
SQL: SELECT `s_name` FROM `mf_shop` WHERE ( s_id=2 ) LIMIT 1   [ RunTime:0.0003s ]
SQL: SELECT `account` FROM `mf_user` WHERE ( u_id=2 ) LIMIT 1   [ RunTime:0.0003s ]
SQL: SELECT `os_state` FROM `mf_orderstate` WHERE ( os_id=2 ) LIMIT 1   [ RunTime:0.0003s ]
SQL: SELECT `s_name` FROM `mf_shop` WHERE ( s_id=3 ) LIMIT 1   [ RunTime:0.0004s ]
SQL: SELECT `account` FROM `mf_user` WHERE ( u_id=1 ) LIMIT 1   [ RunTime:0.0006s ]
SQL: SELECT `os_state` FROM `mf_orderstate` WHERE ( os_id=2 ) LIMIT 1   [ RunTime:0.0004s ]
SQL: SELECT `s_name` FROM `mf_shop` WHERE ( s_id=2 ) LIMIT 1   [ RunTime:0.0004s ]
SQL: SELECT `account` FROM `mf_user` WHERE ( u_id=2 ) LIMIT 1   [ RunTime:0.0005s ]
SQL: SELECT `os_state` FROM `mf_orderstate` WHERE ( os_id=2 ) LIMIT 1   [ RunTime:0.0005s ]
SQL: SELECT `s_name` FROM `mf_shop` WHERE ( s_id=3 ) LIMIT 1   [ RunTime:0.0008s ]
SQL: SELECT `account` FROM `mf_user` WHERE ( u_id=1 ) LIMIT 1   [ RunTime:0.0009s ]
SQL: SELECT `os_state` FROM `mf_orderstate` WHERE ( os_id=2 ) LIMIT 1   [ RunTime:0.0013s ]
SQL: SELECT `s_name` FROM `mf_shop` WHERE ( s_id=2 ) LIMIT 1   [ RunTime:0.0006s ]
SQL: SELECT `account` FROM `mf_user` WHERE ( u_id=2 ) LIMIT 1   [ RunTime:0.0005s ]

[ 2017-06-11T14:30:17+08:00 ] ::1 /work/index.php/admin/Order/paidOrder
INFO: [ app_init ] --START--
INFO: Run Behavior\BuildLiteBehavior [ RunTime:0.000013s ]
INFO: [ app_init ] --END-- [ RunTime:0.000308s ]
INFO: [ app_begin ] --START--
INFO: Run Behavior\ReadHtmlCacheBehavior [ RunTime:0.000413s ]
INFO: [ app_begin ] --END-- [ RunTime:0.000448s ]
INFO: [ view_parse ] --START--
INFO: [ template_filter ] --START--
INFO: Run Behavior\ContentReplaceBehavior [ RunTime:0.000100s ]
INFO: [ template_filter ] --END-- [ RunTime:0.000222s ]
INFO: Run Behavior\ParseTemplateBehavior [ RunTime:0.011813s ]
INFO: [ view_parse ] --END-- [ RunTime:0.011869s ]
INFO: [ view_filter ] --START--
INFO: Run Behavior\WriteHtmlCacheBehavior [ RunTime:0.000292s ]
INFO: [ view_filter ] --END-- [ RunTime:0.000327s ]
INFO: [ app_end ] --START--
INFO: Run Behavior\ShowPageTraceBehavior [ RunTime:0.001148s ]
INFO: [ app_end ] --END-- [ RunTime:0.001312s ]

[ 2017-06-11T14:30:18+08:00 ] ::1 /work/index.php/Admin/Order/paidOrder.html
INFO: [ app_init ] --START--
INFO: Run Behavior\BuildLiteBehavior [ RunTime:0.000025s ]
INFO: [ app_init ] --END-- [ RunTime:0.000575s ]
INFO: [ app_begin ] --START--
INFO: Run Behavior\ReadHtmlCacheBehavior [ RunTime:0.001072s ]
INFO: [ app_begin ] --END-- [ RunTime:0.001164s ]
SQL: SHOW COLUMNS FROM `mf_orderlist` [ RunTime:0.0028s ]
SQL: SELECT COUNT(*) AS tp_count FROM `mf_orderlist` WHERE ( os_id != 2 ) LIMIT 1   [ RunTime:0.0006s ]
SQL: SELECT * FROM `mf_orderlist` WHERE ( os_id != 2 ) ORDER BY ol_id LIMIT 0,5   [ RunTime:0.0005s ]
SQL: SHOW COLUMNS FROM `mf_orderstate` [ RunTime:0.0030s ]
SQL: SHOW COLUMNS FROM `mf_shop` [ RunTime:0.0046s ]
SQL: SHOW COLUMNS FROM `mf_user` [ RunTime:0.0037s ]
SQL: SELECT `os_state` FROM `mf_orderstate` WHERE ( os_id=1 ) LIMIT 1   [ RunTime:0.0004s ]
SQL: SELECT `s_name` FROM `mf_shop` WHERE ( s_id=1 ) LIMIT 1   [ RunTime:0.0003s ]
SQL: SELECT `account` FROM `mf_user` WHERE ( u_id=1 ) LIMIT 1   [ RunTime:0.0003s ]
SQL: SELECT `os_state` FROM `mf_orderstate` WHERE ( os_id=1 ) LIMIT 1   [ RunTime:0.0003s ]
SQL: SELECT `s_name` FROM `mf_shop` WHERE ( s_id=5 ) LIMIT 1   [ RunTime:0.0003s ]
SQL: SELECT `account` FROM `mf_user` WHERE ( u_id=1 ) LIMIT 1   [ RunTime:0.0003s ]
SQL: SELECT `os_state` FROM `mf_orderstate` WHERE ( os_id=1 ) LIMIT 1   [ RunTime:0.0003s ]
SQL: SELECT `s_name` FROM `mf_shop` WHERE ( s_id=1 ) LIMIT 1   [ RunTime:0.0002s ]
SQL: SELECT `account` FROM `mf_user` WHERE ( u_id=1 ) LIMIT 1   [ RunTime:0.0003s ]
SQL: SELECT `os_state` FROM `mf_orderstate` WHERE ( os_id=1 ) LIMIT 1   [ RunTime:0.0003s ]
SQL: SELECT `s_name` FROM `mf_shop` WHERE ( s_id=5 ) LIMIT 1   [ RunTime:0.0003s ]
SQL: SELECT `account` FROM `mf_user` WHERE ( u_id=1 ) LIMIT 1   [ RunTime:0.0004s ]
SQL: SELECT `os_state` FROM `mf_orderstate` WHERE ( os_id=1 ) LIMIT 1   [ RunTime:0.0005s ]
SQL: SELECT `s_name` FROM `mf_shop` WHERE ( s_id=1 ) LIMIT 1   [ RunTime:0.0004s ]
SQL: SELECT `account` FROM `mf_user` WHERE ( u_id=1 ) LIMIT 1   [ RunTime:0.0004s ]

[ 2017-06-11T14:30:19+08:00 ] ::1 /work/index.php/Admin/Order/paidOrder.html
INFO: [ app_init ] --START--
INFO: Run Behavior\BuildLiteBehavior [ RunTime:0.000020s ]
INFO: [ app_init ] --END-- [ RunTime:0.000542s ]
INFO: [ app_begin ] --START--
INFO: Run Behavior\ReadHtmlCacheBehavior [ RunTime:0.000689s ]
INFO: [ app_begin ] --END-- [ RunTime:0.000760s ]
SQL: SHOW COLUMNS FROM `mf_orderlist` [ RunTime:0.0030s ]
SQL: SELECT COUNT(*) AS tp_count FROM `mf_orderlist` WHERE ( os_id != 2 ) LIMIT 1   [ RunTime:0.0005s ]
SQL: SELECT * FROM `mf_orderlist` WHERE ( os_id != 2 ) ORDER BY ol_id LIMIT 5,5   [ RunTime:0.0005s ]
SQL: SHOW COLUMNS FROM `mf_orderstate` [ RunTime:0.0031s ]
SQL: SHOW COLUMNS FROM `mf_shop` [ RunTime:0.0032s ]
SQL: SHOW COLUMNS FROM `mf_user` [ RunTime:0.0037s ]
SQL: SELECT `os_state` FROM `mf_orderstate` WHERE ( os_id=1 ) LIMIT 1   [ RunTime:0.0003s ]
SQL: SELECT `s_name` FROM `mf_shop` WHERE ( s_id=5 ) LIMIT 1   [ RunTime:0.0002s ]
SQL: SELECT `account` FROM `mf_user` WHERE ( u_id=1 ) LIMIT 1   [ RunTime:0.0002s ]
SQL: SELECT `os_state` FROM `mf_orderstate` WHERE ( os_id=1 ) LIMIT 1   [ RunTime:0.0002s ]
SQL: SELECT `s_name` FROM `mf_shop` WHERE ( s_id=1 ) LIMIT 1   [ RunTime:0.0002s ]
SQL: SELECT `account` FROM `mf_user` WHERE ( u_id=1 ) LIMIT 1   [ RunTime:0.0003s ]
SQL: SELECT `os_state` FROM `mf_orderstate` WHERE ( os_id=1 ) LIMIT 1   [ RunTime:0.0002s ]
SQL: SELECT `s_name` FROM `mf_shop` WHERE ( s_id=5 ) LIMIT 1   [ RunTime:0.0002s ]
SQL: SELECT `account` FROM `mf_user` WHERE ( u_id=1 ) LIMIT 1   [ RunTime:0.0003s ]
SQL: SELECT `os_state` FROM `mf_orderstate` WHERE ( os_id=1 ) LIMIT 1   [ RunTime:0.0004s ]
SQL: SELECT `s_name` FROM `mf_shop` WHERE ( s_id=1 ) LIMIT 1   [ RunTime:0.0005s ]
SQL: SELECT `account` FROM `mf_user` WHERE ( u_id=1 ) LIMIT 1   [ RunTime:0.0003s ]
SQL: SELECT `os_state` FROM `mf_orderstate` WHERE ( os_id=1 ) LIMIT 1   [ RunTime:0.0005s ]
SQL: SELECT `s_name` FROM `mf_shop` WHERE ( s_id=5 ) LIMIT 1   [ RunTime:0.0005s ]
SQL: SELECT `account` FROM `mf_user` WHERE ( u_id=1 ) LIMIT 1   [ RunTime:0.0005s ]

[ 2017-06-11T14:30:20+08:00 ] ::1 /work/index.php/Admin/Order/paidOrder.html
INFO: [ app_init ] --START--
INFO: Run Behavior\BuildLiteBehavior [ RunTime:0.000012s ]
INFO: [ app_init ] --END-- [ RunTime:0.000302s ]
INFO: [ app_begin ] --START--
INFO: Run Behavior\ReadHtmlCacheBehavior [ RunTime:0.000506s ]
INFO: [ app_begin ] --END-- [ RunTime:0.000554s ]
SQL: SHOW COLUMNS FROM `mf_orderlist` [ RunTime:0.0041s ]
SQL: SELECT COUNT(*) AS tp_count FROM `mf_orderlist` WHERE ( os_id != 2 ) LIMIT 1   [ RunTime:0.0006s ]
SQL: SELECT * FROM `mf_orderlist` WHERE ( os_id != 2 ) ORDER BY ol_id LIMIT 0,5   [ RunTime:0.0005s ]
SQL: SHOW COLUMNS FROM `mf_orderstate` [ RunTime:0.0040s ]
SQL: SHOW COLUMNS FROM `mf_shop` [ RunTime:0.0050s ]
SQL: SHOW COLUMNS FROM `mf_user` [ RunTime:0.0042s ]
SQL: SELECT `os_state` FROM `mf_orderstate` WHERE ( os_id=1 ) LIMIT 1   [ RunTime:0.0005s ]
SQL: SELECT `s_name` FROM `mf_shop` WHERE ( s_id=1 ) LIMIT 1   [ RunTime:0.0003s ]
SQL: SELECT `account` FROM `mf_user` WHERE ( u_id=1 ) LIMIT 1   [ RunTime:0.0003s ]
SQL: SELECT `os_state` FROM `mf_orderstate` WHERE ( os_id=1 ) LIMIT 1   [ RunTime:0.0003s ]
SQL: SELECT `s_name` FROM `mf_shop` WHERE ( s_id=5 ) LIMIT 1   [ RunTime:0.0003s ]
SQL: SELECT `account` FROM `mf_user` WHERE ( u_id=1 ) LIMIT 1   [ RunTime:0.0004s ]
SQL: SELECT `os_state` FROM `mf_orderstate` WHERE ( os_id=1 ) LIMIT 1   [ RunTime:0.0003s ]
SQL: SELECT `s_name` FROM `mf_shop` WHERE ( s_id=1 ) LIMIT 1   [ RunTime:0.0003s ]
SQL: SELECT `account` FROM `mf_user` WHERE ( u_id=1 ) LIMIT 1   [ RunTime:0.0003s ]
SQL: SELECT `os_state` FROM `mf_orderstate` WHERE ( os_id=1 ) LIMIT 1   [ RunTime:0.0003s ]
SQL: SELECT `s_name` FROM `mf_shop` WHERE ( s_id=5 ) LIMIT 1   [ RunTime:0.0004s ]
SQL: SELECT `account` FROM `mf_user` WHERE ( u_id=1 ) LIMIT 1   [ RunTime:0.0003s ]
SQL: SELECT `os_state` FROM `mf_orderstate` WHERE ( os_id=1 ) LIMIT 1   [ RunTime:0.0003s ]
SQL: SELECT `s_name` FROM `mf_shop` WHERE ( s_id=1 ) LIMIT 1   [ RunTime:0.0003s ]
SQL: SELECT `account` FROM `mf_user` WHERE ( u_id=1 ) LIMIT 1   [ RunTime:0.0003s ]

[ 2017-06-11T14:31:14+08:00 ] ::1 /work/index.php/admin/Link/index
INFO: [ app_init ] --START--
INFO: Run Behavior\BuildLiteBehavior [ RunTime:0.000028s ]
INFO: [ app_init ] --END-- [ RunTime:0.001049s ]
INFO: [ app_begin ] --START--
INFO: Run Behavior\ReadHtmlCacheBehavior [ RunTime:0.001177s ]
INFO: [ app_begin ] --END-- [ RunTime:0.001317s ]
SQL: SHOW COLUMNS FROM `mf_link` [ RunTime:0.0043s ]
SQL: SELECT `f_id`,`f_adr`,`f_name` FROM `mf_link`  [ RunTime:0.0011s ]
INFO: [ view_parse ] --START--
INFO: [ template_filter ] --START--
INFO: Run Behavior\ContentReplaceBehavior [ RunTime:0.000086s ]
INFO: [ template_filter ] --END-- [ RunTime:0.000129s ]
NOTIC: [8] Undefined variable: page /Users/hunkhe/Desktop/hf161028/work/Application/Runtime/Cache/Admin/1e2c869bd8911c3f098d2a5c15bf2453.php 第 134 行.
INFO: Run Behavior\ParseTemplateBehavior [ RunTime:0.009681s ]
INFO: [ view_parse ] --END-- [ RunTime:0.009759s ]
INFO: [ view_filter ] --START--
INFO: Run Behavior\WriteHtmlCacheBehavior [ RunTime:0.000157s ]
INFO: [ view_filter ] --END-- [ RunTime:0.000185s ]
INFO: [ app_end ] --START--
INFO: Run Behavior\ShowPageTraceBehavior [ RunTime:0.000894s ]
INFO: [ app_end ] --END-- [ RunTime:0.000975s ]

[ 2017-06-11T14:31:50+08:00 ] ::1 /work/index.php/admin/staff/index
INFO: [ app_init ] --START--
INFO: Run Behavior\BuildLiteBehavior [ RunTime:0.000019s ]
INFO: [ app_init ] --END-- [ RunTime:0.000483s ]
INFO: [ app_begin ] --START--
INFO: Run Behavior\ReadHtmlCacheBehavior [ RunTime:0.000447s ]
INFO: [ app_begin ] --END-- [ RunTime:0.000488s ]
INFO: [ view_parse ] --START--
INFO: [ template_filter ] --START--
INFO: Run Behavior\ContentReplaceBehavior [ RunTime:0.000101s ]
INFO: [ template_filter ] --END-- [ RunTime:0.000145s ]
INFO: Run Behavior\ParseTemplateBehavior [ RunTime:0.010372s ]
INFO: [ view_parse ] --END-- [ RunTime:0.010423s ]
INFO: [ view_filter ] --START--
INFO: Run Behavior\WriteHtmlCacheBehavior [ RunTime:0.000146s ]
INFO: [ view_filter ] --END-- [ RunTime:0.000174s ]
INFO: [ app_end ] --START--
INFO: Run Behavior\ShowPageTraceBehavior [ RunTime:0.000903s ]
INFO: [ app_end ] --END-- [ RunTime:0.000956s ]

[ 2017-06-11T14:31:50+08:00 ] ::1 /work/index.php/Admin/staff/nowpage.html
INFO: [ app_init ] --START--
INFO: Run Behavior\BuildLiteBehavior [ RunTime:0.000018s ]
INFO: [ app_init ] --END-- [ RunTime:0.000493s ]
INFO: [ app_begin ] --START--
INFO: Run Behavior\ReadHtmlCacheBehavior [ RunTime:0.000512s ]
INFO: [ app_begin ] --END-- [ RunTime:0.000561s ]
SQL: SHOW COLUMNS FROM `mf_staff` [ RunTime:0.0039s ]
SQL: SELECT COUNT(*) AS tp_count FROM `mf_staff` LIMIT 1   [ RunTime:0.0004s ]
SQL: SELECT * FROM `mf_staff` ORDER BY s_id LIMIT 0,5   [ RunTime:0.0004s ]
SQL: SHOW COLUMNS FROM `mf_rolestable` [ RunTime:0.0043s ]
SQL: SELECT `r_id`,`rolesname` FROM `mf_rolestable`  [ RunTime:0.0008s ]
SQL: SHOW COLUMNS FROM `mf_usest` [ RunTime:0.0052s ]
SQL: SELECT * FROM `mf_usest`  [ RunTime:0.0003s ]

[ 2017-06-11T14:31:50+08:00 ] ::1 /work/index.php/admin/roles/index
INFO: [ app_init ] --START--
INFO: Run Behavior\BuildLiteBehavior [ RunTime:0.000013s ]
INFO: [ app_init ] --END-- [ RunTime:0.000346s ]
INFO: [ app_begin ] --START--
INFO: Run Behavior\ReadHtmlCacheBehavior [ RunTime:0.000453s ]
INFO: [ app_begin ] --END-- [ RunTime:0.000491s ]
INFO: [ view_parse ] --START--
INFO: [ template_filter ] --START--
INFO: Run Behavior\ContentReplaceBehavior [ RunTime:0.000095s ]
INFO: [ template_filter ] --END-- [ RunTime:0.000152s ]
INFO: Run Behavior\ParseTemplateBehavior [ RunTime:0.010815s ]
INFO: [ view_parse ] --END-- [ RunTime:0.010860s ]
INFO: [ view_filter ] --START--
INFO: Run Behavior\WriteHtmlCacheBehavior [ RunTime:0.000163s ]
INFO: [ view_filter ] --END-- [ RunTime:0.000191s ]
INFO: [ app_end ] --START--
INFO: Run Behavior\ShowPageTraceBehavior [ RunTime:0.000967s ]
INFO: [ app_end ] --END-- [ RunTime:0.001021s ]

[ 2017-06-11T14:31:50+08:00 ] ::1 /work/index.php/Admin/roles/nowpage.html
INFO: [ app_init ] --START--
INFO: Run Behavior\BuildLiteBehavior [ RunTime:0.000026s ]
INFO: [ app_init ] --END-- [ RunTime:0.000595s ]
INFO: [ app_begin ] --START--
INFO: Run Behavior\ReadHtmlCacheBehavior [ RunTime:0.000858s ]
INFO: [ app_begin ] --END-- [ RunTime:0.000956s ]
SQL: SHOW COLUMNS FROM `mf_rolestable` [ RunTime:0.0031s ]
SQL: SELECT COUNT(*) AS tp_count FROM `mf_rolestable` LIMIT 1   [ RunTime:0.0006s ]
SQL: SELECT * FROM `mf_rolestable` ORDER BY r_id LIMIT 0,5   [ RunTime:0.0005s ]

